[2023-05-29 19:00:01,204] {taskinstance.py:896} INFO - Dependencies all met for <TaskInstance: stock_market_pipeline_ml.convert_to_parquet 2023-05-29T18:59:51.030009+00:00 [queued]>
[2023-05-29 19:00:01,215] {taskinstance.py:896} INFO - Dependencies all met for <TaskInstance: stock_market_pipeline_ml.convert_to_parquet 2023-05-29T18:59:51.030009+00:00 [queued]>
[2023-05-29 19:00:01,216] {taskinstance.py:1087} INFO - 
--------------------------------------------------------------------------------
[2023-05-29 19:00:01,216] {taskinstance.py:1088} INFO - Starting attempt 1 of 4
[2023-05-29 19:00:01,216] {taskinstance.py:1089} INFO - 
--------------------------------------------------------------------------------
[2023-05-29 19:00:01,224] {taskinstance.py:1107} INFO - Executing <Task(PythonOperator): convert_to_parquet> on 2023-05-29T18:59:51.030009+00:00
[2023-05-29 19:00:01,229] {standard_task_runner.py:52} INFO - Started process 5609 to run task
[2023-05-29 19:00:01,231] {standard_task_runner.py:76} INFO - Running: ['***', 'tasks', 'run', 'stock_market_pipeline_ml', 'convert_to_parquet', '2023-05-29T18:59:51.030009+00:00', '--job-id', '6', '--pool', 'default_pool', '--raw', '--subdir', 'DAGS_FOLDER/stock_market_pipeline_ml.py', '--cfg-path', '/tmp/tmpwdpbxa6o', '--error-file', '/tmp/tmppnw3a0t0']
[2023-05-29 19:00:01,235] {standard_task_runner.py:77} INFO - Job 6: Subtask convert_to_parquet
[2023-05-29 19:00:01,258] {logging_mixin.py:104} INFO - Running <TaskInstance: stock_market_pipeline_ml.convert_to_parquet 2023-05-29T18:59:51.030009+00:00 [running]> on host 034390c2fbf7
[2023-05-29 19:00:01,287] {taskinstance.py:1302} INFO - Exporting the following env vars:
AIRFLOW_CTX_DAG_OWNER=***
AIRFLOW_CTX_DAG_ID=stock_market_pipeline_ml
AIRFLOW_CTX_TASK_ID=convert_to_parquet
AIRFLOW_CTX_EXECUTION_DATE=2023-05-29T18:59:51.030009+00:00
AIRFLOW_CTX_DAG_RUN_ID=manual__2023-05-29T18:59:51.030009+00:00
[2023-05-29 19:00:01,310] {python.py:151} INFO - Done. Returned value was: None
[2023-05-29 19:00:01,320] {taskinstance.py:1211} INFO - Marking task as SUCCESS. dag_id=stock_market_pipeline_ml, task_id=convert_to_parquet, execution_date=20230529T185951, start_date=20230529T190001, end_date=20230529T190001
[2023-05-29 19:00:01,343] {taskinstance.py:1265} INFO - 1 downstream tasks scheduled from follow-on schedule check
[2023-05-29 19:00:01,363] {local_task_job.py:149} INFO - Task exited with return code 0
