[2023-05-28 00:04:07,227] {taskinstance.py:896} INFO - Dependencies all met for <TaskInstance: stock_market_pipeline_fe.download_dataset 2023-05-28T00:04:05.743782+00:00 [queued]>
[2023-05-28 00:04:07,238] {taskinstance.py:896} INFO - Dependencies all met for <TaskInstance: stock_market_pipeline_fe.download_dataset 2023-05-28T00:04:05.743782+00:00 [queued]>
[2023-05-28 00:04:07,239] {taskinstance.py:1087} INFO - 
--------------------------------------------------------------------------------
[2023-05-28 00:04:07,239] {taskinstance.py:1088} INFO - Starting attempt 1 of 3
[2023-05-28 00:04:07,239] {taskinstance.py:1089} INFO - 
--------------------------------------------------------------------------------
[2023-05-28 00:04:07,247] {taskinstance.py:1107} INFO - Executing <Task(PythonOperator): download_dataset> on 2023-05-28T00:04:05.743782+00:00
[2023-05-28 00:04:07,250] {standard_task_runner.py:52} INFO - Started process 582 to run task
[2023-05-28 00:04:07,252] {standard_task_runner.py:76} INFO - Running: ['***', 'tasks', 'run', 'stock_market_pipeline_fe', 'download_dataset', '2023-05-28T00:04:05.743782+00:00', '--job-id', '3', '--pool', 'default_pool', '--raw', '--subdir', 'DAGS_FOLDER/stock_market_pipeline_fe.py', '--cfg-path', '/tmp/tmpmat9eoga', '--error-file', '/tmp/tmp43m85tzx']
[2023-05-28 00:04:07,253] {standard_task_runner.py:77} INFO - Job 3: Subtask download_dataset
[2023-05-28 00:04:07,280] {logging_mixin.py:104} INFO - Running <TaskInstance: stock_market_pipeline_fe.download_dataset 2023-05-28T00:04:05.743782+00:00 [running]> on host a783e9c6e3ac
[2023-05-28 00:04:07,314] {taskinstance.py:1302} INFO - Exporting the following env vars:
AIRFLOW_CTX_DAG_OWNER=***_fe
AIRFLOW_CTX_DAG_ID=stock_market_pipeline_fe
AIRFLOW_CTX_TASK_ID=download_dataset
AIRFLOW_CTX_EXECUTION_DATE=2023-05-28T00:04:05.743782+00:00
AIRFLOW_CTX_DAG_RUN_ID=manual__2023-05-28T00:04:05.743782+00:00
[2023-05-28 00:04:07,940] {python.py:151} INFO - Done. Returned value was: None
[2023-05-28 00:04:07,950] {taskinstance.py:1211} INFO - Marking task as SUCCESS. dag_id=stock_market_pipeline_fe, task_id=download_dataset, execution_date=20230528T000405, start_date=20230528T000407, end_date=20230528T000407
[2023-05-28 00:04:07,973] {taskinstance.py:1265} INFO - 1 downstream tasks scheduled from follow-on schedule check
[2023-05-28 00:04:07,987] {local_task_job.py:149} INFO - Task exited with return code 0
