[2023-05-28 00:25:25,577] {taskinstance.py:896} INFO - Dependencies all met for <TaskInstance: stock_market_pipeline_fe.feature_engineering 2023-05-28T00:04:05.743782+00:00 [queued]>
[2023-05-28 00:25:25,766] {taskinstance.py:896} INFO - Dependencies all met for <TaskInstance: stock_market_pipeline_fe.feature_engineering 2023-05-28T00:04:05.743782+00:00 [queued]>
[2023-05-28 00:25:25,766] {taskinstance.py:1087} INFO - 
--------------------------------------------------------------------------------
[2023-05-28 00:25:25,767] {taskinstance.py:1088} INFO - Starting attempt 2 of 4
[2023-05-28 00:25:25,767] {taskinstance.py:1089} INFO - 
--------------------------------------------------------------------------------
[2023-05-28 00:25:25,832] {taskinstance.py:1107} INFO - Executing <Task(PythonOperator): feature_engineering> on 2023-05-28T00:04:05.743782+00:00
[2023-05-28 00:25:25,835] {standard_task_runner.py:52} INFO - Started process 4168 to run task
[2023-05-28 00:25:25,837] {standard_task_runner.py:76} INFO - Running: ['***', 'tasks', 'run', 'stock_market_pipeline_fe', 'feature_engineering', '2023-05-28T00:04:05.743782+00:00', '--job-id', '23', '--pool', 'default_pool', '--raw', '--subdir', 'DAGS_FOLDER/stock_market_pipeline_fe.py', '--cfg-path', '/tmp/tmpottqm23a', '--error-file', '/tmp/tmpa32y_4sz']
[2023-05-28 00:25:25,838] {standard_task_runner.py:77} INFO - Job 23: Subtask feature_engineering
[2023-05-28 00:25:25,878] {logging_mixin.py:104} INFO - Running <TaskInstance: stock_market_pipeline_fe.feature_engineering 2023-05-28T00:04:05.743782+00:00 [running]> on host a783e9c6e3ac
[2023-05-28 00:25:25,912] {taskinstance.py:1302} INFO - Exporting the following env vars:
AIRFLOW_CTX_DAG_OWNER=***_fe
AIRFLOW_CTX_DAG_ID=stock_market_pipeline_fe
AIRFLOW_CTX_TASK_ID=feature_engineering
AIRFLOW_CTX_EXECUTION_DATE=2023-05-28T00:04:05.743782+00:00
AIRFLOW_CTX_DAG_RUN_ID=manual__2023-05-28T00:04:05.743782+00:00
[2023-05-28 00:25:25,950] {python.py:151} INFO - Done. Returned value was: None
[2023-05-28 00:25:25,961] {taskinstance.py:1211} INFO - Marking task as SUCCESS. dag_id=stock_market_pipeline_fe, task_id=feature_engineering, execution_date=20230528T000405, start_date=20230528T002525, end_date=20230528T002525
[2023-05-28 00:25:25,985] {taskinstance.py:1265} INFO - 1 downstream tasks scheduled from follow-on schedule check
[2023-05-28 00:25:26,010] {local_task_job.py:149} INFO - Task exited with return code 0
