[2023-05-28 23:47:07,033] {taskinstance.py:896} INFO - Dependencies all met for <TaskInstance: stock_market_pipeline.process_dataset 2023-05-28T23:47:02.030916+00:00 [queued]>
[2023-05-28 23:47:07,109] {taskinstance.py:896} INFO - Dependencies all met for <TaskInstance: stock_market_pipeline.process_dataset 2023-05-28T23:47:02.030916+00:00 [queued]>
[2023-05-28 23:47:07,109] {taskinstance.py:1087} INFO - 
--------------------------------------------------------------------------------
[2023-05-28 23:47:07,109] {taskinstance.py:1088} INFO - Starting attempt 1 of 3
[2023-05-28 23:47:07,109] {taskinstance.py:1089} INFO - 
--------------------------------------------------------------------------------
[2023-05-28 23:47:07,122] {taskinstance.py:1107} INFO - Executing <Task(PythonOperator): process_dataset> on 2023-05-28T23:47:02.030916+00:00
[2023-05-28 23:47:07,125] {standard_task_runner.py:52} INFO - Started process 488 to run task
[2023-05-28 23:47:07,128] {standard_task_runner.py:76} INFO - Running: ['***', 'tasks', 'run', 'stock_market_pipeline', 'process_dataset', '2023-05-28T23:47:02.030916+00:00', '--job-id', '20', '--pool', 'default_pool', '--raw', '--subdir', 'DAGS_FOLDER/stock_market_pipeline.py', '--cfg-path', '/tmp/tmpzg8htogk', '--error-file', '/tmp/tmp_y6458nc']
[2023-05-28 23:47:07,129] {standard_task_runner.py:77} INFO - Job 20: Subtask process_dataset
[2023-05-28 23:47:07,157] {logging_mixin.py:104} INFO - Running <TaskInstance: stock_market_pipeline.process_dataset 2023-05-28T23:47:02.030916+00:00 [running]> on host 0d68909d4153
[2023-05-28 23:47:07,186] {taskinstance.py:1302} INFO - Exporting the following env vars:
AIRFLOW_CTX_DAG_OWNER=***
AIRFLOW_CTX_DAG_ID=stock_market_pipeline
AIRFLOW_CTX_TASK_ID=process_dataset
AIRFLOW_CTX_EXECUTION_DATE=2023-05-28T23:47:02.030916+00:00
AIRFLOW_CTX_DAG_RUN_ID=manual__2023-05-28T23:47:02.030916+00:00
[2023-05-28 23:47:07,215] {logging_mixin.py:104} INFO - File /tmp/symbols_valid_meta.csv does not contain a 'Date' column. Skipping...
[2023-05-28 23:47:07,229] {python.py:151} INFO - Done. Returned value was: None
[2023-05-28 23:47:07,237] {taskinstance.py:1211} INFO - Marking task as SUCCESS. dag_id=stock_market_pipeline, task_id=process_dataset, execution_date=20230528T234702, start_date=20230528T234707, end_date=20230528T234707
[2023-05-28 23:47:07,257] {taskinstance.py:1265} INFO - 1 downstream tasks scheduled from follow-on schedule check
[2023-05-28 23:47:07,301] {local_task_job.py:149} INFO - Task exited with return code 0
