[2023-05-28 00:25:23,526] {taskinstance.py:896} INFO - Dependencies all met for <TaskInstance: stock_market_pipeline_fe.process_dataset 2023-05-28T00:04:05.743782+00:00 [queued]>
[2023-05-28 00:25:23,561] {taskinstance.py:896} INFO - Dependencies all met for <TaskInstance: stock_market_pipeline_fe.process_dataset 2023-05-28T00:04:05.743782+00:00 [queued]>
[2023-05-28 00:25:23,561] {taskinstance.py:1087} INFO - 
--------------------------------------------------------------------------------
[2023-05-28 00:25:23,561] {taskinstance.py:1088} INFO - Starting attempt 2 of 4
[2023-05-28 00:25:23,562] {taskinstance.py:1089} INFO - 
--------------------------------------------------------------------------------
[2023-05-28 00:25:23,651] {taskinstance.py:1107} INFO - Executing <Task(PythonOperator): process_dataset> on 2023-05-28T00:04:05.743782+00:00
[2023-05-28 00:25:23,654] {standard_task_runner.py:52} INFO - Started process 4127 to run task
[2023-05-28 00:25:23,656] {standard_task_runner.py:76} INFO - Running: ['***', 'tasks', 'run', 'stock_market_pipeline_fe', 'process_dataset', '2023-05-28T00:04:05.743782+00:00', '--job-id', '22', '--pool', 'default_pool', '--raw', '--subdir', 'DAGS_FOLDER/stock_market_pipeline_fe.py', '--cfg-path', '/tmp/tmp52nmdkh7', '--error-file', '/tmp/tmp9tat8gfc']
[2023-05-28 00:25:23,658] {standard_task_runner.py:77} INFO - Job 22: Subtask process_dataset
[2023-05-28 00:25:23,709] {logging_mixin.py:104} INFO - Running <TaskInstance: stock_market_pipeline_fe.process_dataset 2023-05-28T00:04:05.743782+00:00 [running]> on host a783e9c6e3ac
[2023-05-28 00:25:23,883] {taskinstance.py:1302} INFO - Exporting the following env vars:
AIRFLOW_CTX_DAG_OWNER=***_fe
AIRFLOW_CTX_DAG_ID=stock_market_pipeline_fe
AIRFLOW_CTX_TASK_ID=process_dataset
AIRFLOW_CTX_EXECUTION_DATE=2023-05-28T00:04:05.743782+00:00
AIRFLOW_CTX_DAG_RUN_ID=manual__2023-05-28T00:04:05.743782+00:00
[2023-05-28 00:25:23,912] {logging_mixin.py:104} INFO - File /tmp/symbols_valid_meta.csv does not contain a 'Date' column. Skipping...
[2023-05-28 00:25:23,957] {python.py:151} INFO - Done. Returned value was: None
[2023-05-28 00:25:23,999] {taskinstance.py:1211} INFO - Marking task as SUCCESS. dag_id=stock_market_pipeline_fe, task_id=process_dataset, execution_date=20230528T000405, start_date=20230528T002523, end_date=20230528T002523
[2023-05-28 00:25:24,124] {taskinstance.py:1265} INFO - 1 downstream tasks scheduled from follow-on schedule check
[2023-05-28 00:25:24,151] {local_task_job.py:149} INFO - Task exited with return code 0
