[2023-05-28 23:47:08,896] {taskinstance.py:896} INFO - Dependencies all met for <TaskInstance: stock_market_pipeline.read_parquet 2023-05-28T23:47:02.030916+00:00 [queued]>
[2023-05-28 23:47:08,907] {taskinstance.py:896} INFO - Dependencies all met for <TaskInstance: stock_market_pipeline.read_parquet 2023-05-28T23:47:02.030916+00:00 [queued]>
[2023-05-28 23:47:08,907] {taskinstance.py:1087} INFO - 
--------------------------------------------------------------------------------
[2023-05-28 23:47:08,907] {taskinstance.py:1088} INFO - Starting attempt 1 of 3
[2023-05-28 23:47:08,908] {taskinstance.py:1089} INFO - 
--------------------------------------------------------------------------------
[2023-05-28 23:47:08,915] {taskinstance.py:1107} INFO - Executing <Task(PythonOperator): read_parquet> on 2023-05-28T23:47:02.030916+00:00
[2023-05-28 23:47:08,917] {standard_task_runner.py:52} INFO - Started process 578 to run task
[2023-05-28 23:47:08,919] {standard_task_runner.py:76} INFO - Running: ['***', 'tasks', 'run', 'stock_market_pipeline', 'read_parquet', '2023-05-28T23:47:02.030916+00:00', '--job-id', '22', '--pool', 'default_pool', '--raw', '--subdir', 'DAGS_FOLDER/stock_market_pipeline.py', '--cfg-path', '/tmp/tmphddj9eip', '--error-file', '/tmp/tmpho2r6uh3']
[2023-05-28 23:47:08,920] {standard_task_runner.py:77} INFO - Job 22: Subtask read_parquet
[2023-05-28 23:47:08,942] {logging_mixin.py:104} INFO - Running <TaskInstance: stock_market_pipeline.read_parquet 2023-05-28T23:47:02.030916+00:00 [running]> on host 0d68909d4153
[2023-05-28 23:47:08,969] {taskinstance.py:1302} INFO - Exporting the following env vars:
AIRFLOW_CTX_DAG_OWNER=***
AIRFLOW_CTX_DAG_ID=stock_market_pipeline
AIRFLOW_CTX_TASK_ID=read_parquet
AIRFLOW_CTX_EXECUTION_DATE=2023-05-28T23:47:02.030916+00:00
AIRFLOW_CTX_DAG_RUN_ID=manual__2023-05-28T23:47:02.030916+00:00
[2023-05-28 23:47:08,982] {logging_mixin.py:104} INFO - Empty DataFrame
Columns: [Symbol, Security Name, Date, Open, High, Low, Close, Adj Close, Volume]
Index: []
[2023-05-28 23:47:08,982] {python.py:151} INFO - Done. Returned value was: None
[2023-05-28 23:47:08,992] {taskinstance.py:1211} INFO - Marking task as SUCCESS. dag_id=stock_market_pipeline, task_id=read_parquet, execution_date=20230528T234702, start_date=20230528T234708, end_date=20230528T234708
[2023-05-28 23:47:09,011] {taskinstance.py:1265} INFO - 0 downstream tasks scheduled from follow-on schedule check
[2023-05-28 23:47:09,052] {local_task_job.py:149} INFO - Task exited with return code 0
