[2023-05-29 19:00:03,405] {taskinstance.py:896} INFO - Dependencies all met for <TaskInstance: stock_market_pipeline_ml.read_parquet 2023-05-29T18:59:51.030009+00:00 [queued]>
[2023-05-29 19:00:03,873] {taskinstance.py:896} INFO - Dependencies all met for <TaskInstance: stock_market_pipeline_ml.read_parquet 2023-05-29T18:59:51.030009+00:00 [queued]>
[2023-05-29 19:00:03,874] {taskinstance.py:1087} INFO - 
--------------------------------------------------------------------------------
[2023-05-29 19:00:03,874] {taskinstance.py:1088} INFO - Starting attempt 1 of 4
[2023-05-29 19:00:03,874] {taskinstance.py:1089} INFO - 
--------------------------------------------------------------------------------
[2023-05-29 19:00:04,284] {taskinstance.py:1107} INFO - Executing <Task(PythonOperator): read_parquet> on 2023-05-29T18:59:51.030009+00:00
[2023-05-29 19:00:04,290] {standard_task_runner.py:52} INFO - Started process 5688 to run task
[2023-05-29 19:00:04,293] {standard_task_runner.py:76} INFO - Running: ['***', 'tasks', 'run', 'stock_market_pipeline_ml', 'read_parquet', '2023-05-29T18:59:51.030009+00:00', '--job-id', '7', '--pool', 'default_pool', '--raw', '--subdir', 'DAGS_FOLDER/stock_market_pipeline_ml.py', '--cfg-path', '/tmp/tmpv9pg__m3', '--error-file', '/tmp/tmpjle6kdu2']
[2023-05-29 19:00:04,296] {standard_task_runner.py:77} INFO - Job 7: Subtask read_parquet
[2023-05-29 19:00:04,536] {logging_mixin.py:104} INFO - Running <TaskInstance: stock_market_pipeline_ml.read_parquet 2023-05-29T18:59:51.030009+00:00 [running]> on host 034390c2fbf7
[2023-05-29 19:00:04,837] {taskinstance.py:1302} INFO - Exporting the following env vars:
AIRFLOW_CTX_DAG_OWNER=***
AIRFLOW_CTX_DAG_ID=stock_market_pipeline_ml
AIRFLOW_CTX_TASK_ID=read_parquet
AIRFLOW_CTX_EXECUTION_DATE=2023-05-29T18:59:51.030009+00:00
AIRFLOW_CTX_DAG_RUN_ID=manual__2023-05-29T18:59:51.030009+00:00
[2023-05-29 19:00:04,885] {logging_mixin.py:104} INFO - Empty DataFrame
Columns: [Symbol, Security Name, Date, Open, High, Low, Close, Adj Close, Volume, vol_moving_avg, adj_close_rolling_med]
Index: []
[2023-05-29 19:00:04,885] {python.py:151} INFO - Done. Returned value was: None
[2023-05-29 19:00:05,001] {taskinstance.py:1211} INFO - Marking task as SUCCESS. dag_id=stock_market_pipeline_ml, task_id=read_parquet, execution_date=20230529T185951, start_date=20230529T190003, end_date=20230529T190005
[2023-05-29 19:00:05,266] {taskinstance.py:1265} INFO - 1 downstream tasks scheduled from follow-on schedule check
[2023-05-29 19:00:05,306] {local_task_job.py:149} INFO - Task exited with return code 0
