[2023-05-28 00:25:28,011] {taskinstance.py:896} INFO - Dependencies all met for <TaskInstance: stock_market_pipeline_fe.read_parquet 2023-05-28T00:04:05.743782+00:00 [queued]>
[2023-05-28 00:25:28,021] {taskinstance.py:896} INFO - Dependencies all met for <TaskInstance: stock_market_pipeline_fe.read_parquet 2023-05-28T00:04:05.743782+00:00 [queued]>
[2023-05-28 00:25:28,021] {taskinstance.py:1087} INFO - 
--------------------------------------------------------------------------------
[2023-05-28 00:25:28,022] {taskinstance.py:1088} INFO - Starting attempt 1 of 3
[2023-05-28 00:25:28,022] {taskinstance.py:1089} INFO - 
--------------------------------------------------------------------------------
[2023-05-28 00:25:28,030] {taskinstance.py:1107} INFO - Executing <Task(PythonOperator): read_parquet> on 2023-05-28T00:04:05.743782+00:00
[2023-05-28 00:25:28,033] {standard_task_runner.py:52} INFO - Started process 4258 to run task
[2023-05-28 00:25:28,037] {standard_task_runner.py:76} INFO - Running: ['***', 'tasks', 'run', 'stock_market_pipeline_fe', 'read_parquet', '2023-05-28T00:04:05.743782+00:00', '--job-id', '25', '--pool', 'default_pool', '--raw', '--subdir', 'DAGS_FOLDER/stock_market_pipeline_fe.py', '--cfg-path', '/tmp/tmpxveqif8z', '--error-file', '/tmp/tmp5ckqjmkf']
[2023-05-28 00:25:28,039] {standard_task_runner.py:77} INFO - Job 25: Subtask read_parquet
[2023-05-28 00:25:28,128] {logging_mixin.py:104} INFO - Running <TaskInstance: stock_market_pipeline_fe.read_parquet 2023-05-28T00:04:05.743782+00:00 [running]> on host a783e9c6e3ac
[2023-05-28 00:25:28,165] {taskinstance.py:1302} INFO - Exporting the following env vars:
AIRFLOW_CTX_DAG_OWNER=***_fe
AIRFLOW_CTX_DAG_ID=stock_market_pipeline_fe
AIRFLOW_CTX_TASK_ID=read_parquet
AIRFLOW_CTX_EXECUTION_DATE=2023-05-28T00:04:05.743782+00:00
AIRFLOW_CTX_DAG_RUN_ID=manual__2023-05-28T00:04:05.743782+00:00
[2023-05-28 00:25:28,178] {python.py:151} INFO - Done. Returned value was: None
[2023-05-28 00:25:28,187] {taskinstance.py:1211} INFO - Marking task as SUCCESS. dag_id=stock_market_pipeline_fe, task_id=read_parquet, execution_date=20230528T000405, start_date=20230528T002528, end_date=20230528T002528
[2023-05-28 00:25:28,205] {taskinstance.py:1265} INFO - 0 downstream tasks scheduled from follow-on schedule check
[2023-05-28 00:25:28,249] {local_task_job.py:149} INFO - Task exited with return code 0
